<?xml version="1.0" encoding="UTF-8"?>
<testng-results skipped="0" failed="0" ignored="0" total="1" passed="1">
  <reporter-output>
  </reporter-output>
  <suite name="Default suite" duration-ms="466" started-at="2019-02-13T07:39:45Z" finished-at="2019-02-13T07:39:45Z">
    <groups>
    </groups>
    <test name="Default test" duration-ms="466" started-at="2019-02-13T07:39:45Z" finished-at="2019-02-13T07:39:45Z">
      <class name="Test1">
        <test-method status="PASS" signature="m1()[pri:0, instance:Test1@5d5eef3d]" name="m1" duration-ms="83" started-at="2019-02-13T07:39:45Z" finished-at="2019-02-13T07:39:45Z">
          <reporter-output>
          </reporter-output>
        </test-method> <!-- m1 -->
      </class> <!-- Test1 -->
    </test> <!-- Default test -->
  </suite> <!-- Default suite -->
</testng-results>
